Unknown:
C:\Users\ssllap1\Desktop\Dipole anten\half\Result\e-field (f=4)_1,1_m3d.tfo
C:\Users\ssllap1\Desktop\Dipole anten\half\Result\e-field (f=5)_1,1_m3d.tfo
C:\Users\ssllap1\Desktop\Dipole anten\half\Result\e-field (f=6)_1,1_m3d.tfo
C:\Users\ssllap1\Desktop\Dipole anten\half\Result\farfield (f=4)_1.fme
C:\Users\ssllap1\Desktop\Dipole anten\half\Result\farfield (f=5)1D_1.ffp
C:\Users\ssllap1\Desktop\Dipole anten\half\Result\farfield (f=5)2D_1.ffp
C:\Users\ssllap1\Desktop\Dipole anten\half\Result\farfield (f=5)_1.fme
C:\Users\ssllap1\Desktop\Dipole anten\half\Result\farfield (f=6)_1.fme
C:\Users\ssllap1\Desktop\Dipole anten\half\Result\h-field (f=4)_1,1_m3d.tfo
C:\Users\ssllap1\Desktop\Dipole anten\half\Result\h-field (f=4)_1,1_m3d_sct.tfo
C:\Users\ssllap1\Desktop\Dipole anten\half\Result\h-field (f=5)_1,1_m3d.tfo
C:\Users\ssllap1\Desktop\Dipole anten\half\Result\h-field (f=5)_1,1_m3d_sct.tfo
C:\Users\ssllap1\Desktop\Dipole anten\half\Result\h-field (f=6)_1,1_m3d.tfo
C:\Users\ssllap1\Desktop\Dipole anten\half\Result\h-field (f=6)_1,1_m3d_sct.tfo
C:\Users\ssllap1\Desktop\Dipole anten\half\Result\MCalc-Facets-1xN.log
C:\Users\ssllap1\Desktop\Dipole anten\half\Result\MCalc-Facets-PP.log
C:\Users\ssllap1\Desktop\Dipole anten\half\Result\MCalc.ddi
C:\Users\ssllap1\Desktop\Dipole anten\half\Result\MCalc.log
C:\Users\ssllap1\Desktop\Dipole anten\half\Result\Model.axg
C:\Users\ssllap1\Desktop\Dipole anten\half\Result\Model.ddi
C:\Users\ssllap1\Desktop\Dipole anten\half\Result\Model.inf
C:\Users\ssllap1\Desktop\Dipole anten\half\Result\Model.log
C:\Users\ssllap1\Desktop\Dipole anten\half\Result\Model.sa
C:\Users\ssllap1\Desktop\Dipole anten\half\Result\m^fbqq.dsc
C:\Users\ssllap1\Desktop\Dipole anten\half\Result\m^fifx.dsc
C:\Users\ssllap1\Desktop\Dipole anten\half\Result\m^fqq.dsc
C:\Users\ssllap1\Desktop\Dipole anten\half\Result\Ports.web
C:\Users\ssllap1\Desktop\Dipole anten\half\Result\power (f=4)_1,1_m3d.tfo
C:\Users\ssllap1\Desktop\Dipole anten\half\Result\power (f=5)_1,1_m3d.tfo
C:\Users\ssllap1\Desktop\Dipole anten\half\Result\power (f=6)_1,1_m3d.tfo
C:\Users\ssllap1\Desktop\Dipole anten\half\Result\p^a.dsc
C:\Users\ssllap1\Desktop\Dipole anten\half\Result\P^m^fbqq.slog
C:\Users\ssllap1\Desktop\Dipole anten\half\Result\P^m^fqq.slog
C:\Users\ssllap1\Desktop\Dipole anten\half\Result\P^p^m.slog
C:\Users\ssllap1\Desktop\Dipole anten\half\Result\P^s^pm.slog
Mesh:
C:\Users\ssllap1\Desktop\Dipole anten\half\Result\dA.mat
C:\Users\ssllap1\Desktop\Dipole anten\half\Result\dad.mat
C:\Users\ssllap1\Desktop\Dipole anten\half\Result\ds.mat
C:\Users\ssllap1\Desktop\Dipole anten\half\Result\dsd.mat
C:\Users\ssllap1\Desktop\Dipole anten\half\Result\dsMCalc.mat
C:\Users\ssllap1\Desktop\Dipole anten\half\Result\Eps.mat
C:\Users\ssllap1\Desktop\Dipole anten\half\Result\HexMatrix.m2h
C:\Users\ssllap1\Desktop\Dipole anten\half\Result\HexMatrix_MCalc.m2h
C:\Users\ssllap1\Desktop\Dipole anten\half\Result\MCalc.fmp
C:\Users\ssllap1\Desktop\Dipole anten\half\Result\MCalc.xcfd
C:\Users\ssllap1\Desktop\Dipole anten\half\Result\Model.fmf
C:\Users\ssllap1\Desktop\Dipole anten\half\Result\Model.fmm
C:\Users\ssllap1\Desktop\Dipole anten\half\Result\Model.fpc
C:\Users\ssllap1\Desktop\Dipole anten\half\Result\Model.fsi
C:\Users\ssllap1\Desktop\Dipole anten\half\Result\Model.fwf
C:\Users\ssllap1\Desktop\Dipole anten\half\Result\Model.mss
C:\Users\ssllap1\Desktop\Dipole anten\half\Result\Model.sic
C:\Users\ssllap1\Desktop\Dipole anten\half\Result\Model.spi
C:\Users\ssllap1\Desktop\Dipole anten\half\Result\Model.xcfd
C:\Users\ssllap1\Desktop\Dipole anten\half\Result\Model^PEC.fpf
C:\Users\ssllap1\Desktop\Dipole anten\half\Result\Mue.mat
C:\Users\ssllap1\Desktop\Dipole anten\half\Result\m^fbqq.mem
C:\Users\ssllap1\Desktop\Dipole anten\half\Result\m^fifx.mem
C:\Users\ssllap1\Desktop\Dipole anten\half\Result\m^fqq.mem
C:\Users\ssllap1\Desktop\Dipole anten\half\Result\PEC.mat
C:\Users\ssllap1\Desktop\Dipole anten\half\Result\Ports.fpt
C:\Users\ssllap1\Desktop\Dipole anten\half\Result\PP.fsi
C:\Users\ssllap1\Desktop\Dipole anten\half\Result\p^a.mem
C:\Users\ssllap1\Desktop\Dipole anten\half\Result\p^m.mem
C:\Users\ssllap1\Desktop\Dipole anten\half\Result\Rho.mat
C:\Users\ssllap1\Desktop\Dipole anten\half\Result\S2HMatrix.m2h
C:\Users\ssllap1\Desktop\Dipole anten\half\Result\s^pm.mem
Port:
C:\Users\ssllap1\Desktop\Dipole anten\half\Result\Model.pmi
