Defined reference frequency for open boundary condition (5.5 GHz) is larger
than the lowest relevant system frequency (monitor at 5 GHz).
Please check open boundary settings to ensure accurate monitor results for the
lowest frequency of interest.

--------------------------------------------------------------------------------
Build version: 2018.0 Release from 2017-10-26 (change 556462)

Starting adaptive port meshing.

--------------------------------------------------------------------------------
Mode calculation for port 1:

--------------------------------------------------------------------------------


--------------------------------------------------------------------------------


--------------------------------------------------------------------------------
Using generalized port mode solver.

--------------------------------------------------------------------------------
Port mode solver: Detected dispersive material(s) at port 1. 
Using a constant approximation of dispersive material(s) at 5.5 GHz and 
neglecting loss terms.  More...

--------------------------------------------------------------------------------
  -------------------------------- F-Calc 5.5 --------------------------------
  Port   Mode   Type        Z-Wave        Z-Wave-Sigma  Z-Line        F-Cutoff
  1      1      QTEM        275           0             50.7          ---
  ----------------------------------------------------------------------------

Pass 1 successfully completed. 


--------------------------------------------------------------------------------


--------------------------------------------------------------------------------
  -------------------------------- F-Calc 5.5 --------------------------------
  Port   Mode   Type        Z-Wave        Z-Wave-Sigma  Z-Line        F-Cutoff
  1      1      QTEM        299           25.3          50.8          ---
  ----------------------------------------------------------------------------

Pass 2 successfully completed. Delta (Line Imp.): 0.29%


--------------------------------------------------------------------------------


--------------------------------------------------------------------------------
  -------------------------------- F-Calc 5.5 --------------------------------
  Port   Mode   Type        Z-Wave        Z-Wave-Sigma  Z-Line        F-Cutoff
  1      1      QTEM        321           0             50.9          ---
  ----------------------------------------------------------------------------

Pass 3 successfully completed. Delta (Line Imp.): 0.06%
Adaptive port meshing finished. 

--------------------------------------------------------------------------------

Solver started at: 03:29 PM Thursday, 18. November 2021

  Module:  Time Domain: S-Parameter (Win 64)
  Version: 2018.0 Release from 2017-10-26 (change 556462)



--------------------------------------------------------------------------------


--------------------------------------------------------------------------------
======================================================================
 Solver cycle: 1
======================================================================

Stimulation at port 1 (mode 1) 



--------------------------------------------------------------------------------
Units settings: 

  Dimensions: mm
  Frequency:  GHz
  Time:       ns

--------------------------------------------------------------------------------
Mesh statistics:

   Hexahedral mesh type: PBA [accuracy enhancement is enabled]

   Parallelization type: domain decomposition
      Number of parallel working threads: 2
      Number of calculation domains used: 2

   Used point accuracy enhancement value: 75.00%.
   PBA fill limit: 99.00% (inverse)



--------------------------------------------------------------------------------
Using generalized port mode solver.

--------------------------------------------------------------------------------
Port mode solver: Detected dispersive material(s) at port 1. 
Using a constant approximation of dispersive material(s) at 5.5 GHz and 
neglecting loss terms.  More...

--------------------------------------------------------------------------------
Boundary conditions: 

  YZsymmetry: none
  XZsymmetry: magnetic
  XYsymmetry: none

  Xmin: expanded open, 4 Layer, depth 9.38407 mm
  Xmax: expanded open, 4 Layer, depth 8.53496 mm

  Ymin: expanded open
  Ymax: expanded open, 4 Layer, depth 9.38407 mm

  Zmin: expanded open, 4 Layer, depth 9.55523 mm
  Zmax: expanded open, 4 Layer, depth 8.53496 mm

  PML-Type: Convolution PML

--------------------------------------------------------------------------------
Frequency settings: 

  Fmin:         3
  Fmax:         8
  Nfsteps(lin): 1001

--------------------------------------------------------------------------------
Waveguide boundaries:

Port: 1

  -------------------------------- F-Calc 5.5 --------------------------------
  Port   Mode   Type        Z-Wave        Z-Wave-Sigma  Z-Line        F-Cutoff
  1      1      QTEM        276           0             50.9          ---
  ----------------------------------------------------------------------------

Field update statistics:

  Number of components in total: 	341320
  Number of TST elements:		270
  Number of lossy metal components:	6369
  Number of disp. elements:		10321

Subcycling state:      Automatically deactivated

--------------------------------------------------------------------------------


--------------------------------------------------------------------------------

--------------------------------------------------------------------------------
Steady state energy criterion met, solver finished successfully.

--------------------------------------------------------------------------------
Frequency domain results normalized to default signal.


--------------------------------------------------------------------------------

  ----------------------------------------------------------------------------
                      Peak memory used (kB)         Free physical memory (kB) 
                                                    At begin     Minimum      
  ----------------------------------------------------------------------------
  Matrices calc.      98764                         2062300      2053480      
  Solver run total    63684                         2140604      1999836      
  ----------------------------------------------------------------------------

--------------------------------------------------------------------------------
Solver Statistics:

  Hardware:
     Computer name:                 	DoHaiSon 

     Number of CPU threads:             2
     Hardware info:                  	Hardware Accelerator Device not activated

  Number of mesh cells:             	54575
  Excitation duration:              	1.42181950e+000 ns 
  Calculation time for excitation:  	9 	s
  Number of calculated pulse widths:	6.6351 
  Steady state accuracy limit:      	-50	dB 
  Simulated number of time steps:   	16948 
  Maximum number of time steps:     	51085 
  Time step width:
     without subcycles:             	5.56638476e-004 ns
     used:                          	5.56638476e-004 ns

  Matrix calculation time:          	8 	s
  Solver setup time:                	1 	s
  Solver loop time:                 	65 	s
  Solver post processing time:      	1 	s
                                    	------------
  Total solver time:                	75 	s  ( = 0 h, 1 m, 15 s )

--------------------------------------------------------------------------------

  Adaptive port meshing time:       	8      	s
  Total solver time (all cycles):   	75     	s  ( = 0 h, 1 m, 15 s )
                                    	------------
  Total simulation time:            	83     	s  ( = 0 h, 1 m, 23 s )

--------------------------------------------------------------------------------
Solver finished at: 03:30 PM Thursday, 18. November 2021



--------------------------------------------------------------------------------
Creating parametric 1D results for Run ID 1

--------------------------------------------------------------------------------
