Port monitor named: Port1_e1[5.5].prt

nx        = 60
ny        = 38
nz        = 26

nu        = 13
nv        = 10
iu        = 1
iv        = 10

idir      = 0
dcut      = 2.000000e-002
icut      = 53
type      = 0
frequency = 5.500000e+009

fcutoff   = 0.000000e+000
alpha     = 0.000000e+000
beta      = 1.593981e+002
accuracy  = 2.741856e-011

type          = QTEM
wave imp.     = 2.755639e+002
wave imp.sig. = 0.000000e+000
line imp.     = 5.086653e+001

ref. port     = 0

0.000000e+000  0.000000e+000  0.000000e+000  0.000000e+000  0.000000e+000  0.000000e+000  0.000000e+000  0.000000e+000  0.000000e+000  0.000000e+000  0.000000e+000  0.000000e+000  0.000000e+000  
5.150753e+001  2.192534e+002  5.437740e+002  1.182900e+003  1.697561e+003  1.497167e+003  1.064541e+003  6.806890e+002  4.385081e+002  1.646811e+002  4.671004e+001  1.111393e+001  0.000000e+000  
5.789042e+001  2.699741e+002  7.967619e+002  2.459622e+003  4.157169e+003  3.195546e+003  2.060488e+003  1.262355e+003  8.036492e+002  3.054440e+002  8.872552e+001  2.141500e+001  0.000000e+000  
0.000000e+000  0.000000e+000  0.000000e+000  0.000000e+000  9.496470e+003  4.942099e+003  2.730875e+003  1.606869e+003  1.022690e+003  4.028315e+002  1.222095e+002  3.021204e+001  0.000000e+000  
1.434701e+002  4.994953e+002  1.095937e+003  2.537006e+003  4.733393e+003  3.728481e+003  2.610298e+003  1.763996e+003  1.226380e+003  5.630571e+002  1.951224e+002  5.166215e+001  0.000000e+000  
2.152055e+002  6.651653e+002  1.192980e+003  1.930174e+003  2.595847e+003  2.497369e+003  2.087428e+003  1.609484e+003  1.222889e+003  6.479422e+002  2.492968e+002  6.925038e+001  0.000000e+000  
2.230273e+002  6.344617e+002  1.009652e+003  1.382659e+003  1.640508e+003  1.694258e+003  1.588893e+003  1.364071e+003  1.120717e+003  6.757121e+002  2.849603e+002  8.253098e+001  0.000000e+000  
1.133989e+002  3.042550e+002  4.539040e+002  5.816498e+002  6.718610e+002  7.231557e+002  7.423302e+002  7.194123e+002  6.665666e+002  5.261063e+002  2.902693e+002  9.636119e+001  0.000000e+000  
4.692263e+001  1.253387e+002  1.867242e+002  2.405114e+002  2.827237e+002  3.138027e+002  3.379437e+002  3.499834e+002  3.488212e+002  3.246063e+002  2.206825e+002  8.232288e+001  0.000000e+000  
3.084292e+001  8.267069e+001  1.237930e+002  1.607890e+002  1.912264e+002  2.153038e+002  2.363717e+002  2.510575e+002  2.572219e+002  2.538362e+002  1.871757e+002  7.308274e+001  0.000000e+000  

-9.032437e+003  -8.957179e+003  -8.724331e+003  -8.151424e+003  -6.911411e+003  -5.283760e+003  -3.846494e+003  -2.558853e+003  -1.731471e+003  -1.195097e+003  -5.784176e+002  -3.469313e+002  -2.896638e+002  
-9.105227e+003  -9.093789e+003  -9.036184e+003  -8.765567e+003  -7.427391e+003  -5.072732e+003  -3.443071e+003  -2.237054e+003  -1.527979e+003  -1.079337e+003  -5.484188e+002  -3.383599e+002  -2.848331e+002  
-9.187038e+003  -9.266511e+003  -9.542440e+003  -1.036364e+004  -9.129954e+003  -4.062070e+003  -2.385127e+003  -1.567950e+003  -1.142380e+003  -8.684964e+002  -4.931652e+002  -3.220803e+002  -2.754835e+002  
2.602002e+003  2.792959e+003  3.280956e+003  4.349572e+003  4.821289e+003  -7.919796e+002  -1.738579e+003  -1.844558e+003  -1.676422e+003  -1.463446e+003  -9.629061e+002  -6.706751e+002  -5.836802e+002  
2.357708e+003  2.443447e+003  2.589627e+003  2.678602e+003  2.162896e+003  4.834699e+002  -4.797955e+002  -9.875112e+002  -1.130500e+003  -1.124563e+003  -8.502528e+002  -6.298696e+002  -5.578249e+002  
1.991501e+003  2.002073e+003  1.978441e+003  1.824772e+003  1.358612e+003  6.106125e+002  -1.667978e+001  -5.024127e+002  -7.373354e+002  -8.307155e+002  -7.285923e+002  -5.793103e+002  -5.239335e+002  
1.198508e+003  1.159003e+003  1.071300e+003  9.233744e+002  7.097827e+002  4.730870e+002  2.361529e+002  -2.236518e+001  -2.178625e+002  -3.540980e+002  -4.793292e+002  -4.611177e+002  -4.403779e+002  
4.703471e+002  4.530765e+002  4.188957e+002  3.678548e+002  3.027062e+002  2.346922e+002  1.632486e+002  7.480403e+001  -5.672174e+000  -7.451192e+001  -2.026499e+002  -2.552303e+002  -2.646245e+002  
1.259189e+002  1.217537e+002  1.136293e+002  1.016517e+002  8.648877e+001  7.056477e+001  5.344496e+001  3.131027e+001  9.815064e+000  -1.001336e+001  -5.534820e+001  -8.172791e+001  -8.874924e+001  
0.000000e+000  0.000000e+000  0.000000e+000  0.000000e+000  0.000000e+000  0.000000e+000  0.000000e+000  0.000000e+000  0.000000e+000  0.000000e+000  0.000000e+000  0.000000e+000  0.000000e+000  

0.000000e+000  0.000000e+000  0.000000e+000  0.000000e+000  0.000000e+000  0.000000e+000  0.000000e+000  0.000000e+000  0.000000e+000  0.000000e+000  0.000000e+000  0.000000e+000  0.000000e+000  
0.000000e+000  0.000000e+000  0.000000e+000  0.000000e+000  0.000000e+000  0.000000e+000  0.000000e+000  0.000000e+000  0.000000e+000  0.000000e+000  0.000000e+000  0.000000e+000  0.000000e+000  
0.000000e+000  0.000000e+000  0.000000e+000  0.000000e+000  0.000000e+000  0.000000e+000  0.000000e+000  0.000000e+000  0.000000e+000  0.000000e+000  0.000000e+000  0.000000e+000  0.000000e+000  
0.000000e+000  0.000000e+000  0.000000e+000  0.000000e+000  0.000000e+000  0.000000e+000  0.000000e+000  0.000000e+000  0.000000e+000  0.000000e+000  0.000000e+000  0.000000e+000  0.000000e+000  
0.000000e+000  0.000000e+000  0.000000e+000  0.000000e+000  0.000000e+000  0.000000e+000  0.000000e+000  0.000000e+000  0.000000e+000  0.000000e+000  0.000000e+000  0.000000e+000  0.000000e+000  
0.000000e+000  0.000000e+000  0.000000e+000  0.000000e+000  0.000000e+000  0.000000e+000  0.000000e+000  0.000000e+000  0.000000e+000  0.000000e+000  0.000000e+000  0.000000e+000  0.000000e+000  
0.000000e+000  0.000000e+000  0.000000e+000  0.000000e+000  0.000000e+000  0.000000e+000  0.000000e+000  0.000000e+000  0.000000e+000  0.000000e+000  0.000000e+000  0.000000e+000  0.000000e+000  
0.000000e+000  0.000000e+000  0.000000e+000  0.000000e+000  0.000000e+000  0.000000e+000  0.000000e+000  0.000000e+000  0.000000e+000  0.000000e+000  0.000000e+000  0.000000e+000  0.000000e+000  
0.000000e+000  0.000000e+000  0.000000e+000  0.000000e+000  0.000000e+000  0.000000e+000  0.000000e+000  0.000000e+000  0.000000e+000  0.000000e+000  0.000000e+000  0.000000e+000  0.000000e+000  
0.000000e+000  0.000000e+000  0.000000e+000  0.000000e+000  0.000000e+000  0.000000e+000  0.000000e+000  0.000000e+000  0.000000e+000  0.000000e+000  0.000000e+000  0.000000e+000  0.000000e+000  

0.000000e+000  0.000000e+000  0.000000e+000  0.000000e+000  0.000000e+000  0.000000e+000  0.000000e+000  0.000000e+000  0.000000e+000  0.000000e+000  0.000000e+000  0.000000e+000  0.000000e+000  
0.000000e+000  0.000000e+000  0.000000e+000  0.000000e+000  0.000000e+000  0.000000e+000  0.000000e+000  0.000000e+000  0.000000e+000  0.000000e+000  0.000000e+000  0.000000e+000  0.000000e+000  
0.000000e+000  0.000000e+000  0.000000e+000  0.000000e+000  0.000000e+000  0.000000e+000  0.000000e+000  0.000000e+000  0.000000e+000  0.000000e+000  0.000000e+000  0.000000e+000  0.000000e+000  
0.000000e+000  0.000000e+000  0.000000e+000  0.000000e+000  0.000000e+000  0.000000e+000  0.000000e+000  0.000000e+000  0.000000e+000  0.000000e+000  0.000000e+000  0.000000e+000  0.000000e+000  
0.000000e+000  0.000000e+000  0.000000e+000  0.000000e+000  0.000000e+000  0.000000e+000  0.000000e+000  0.000000e+000  0.000000e+000  0.000000e+000  0.000000e+000  0.000000e+000  0.000000e+000  
0.000000e+000  0.000000e+000  0.000000e+000  0.000000e+000  0.000000e+000  0.000000e+000  0.000000e+000  0.000000e+000  0.000000e+000  0.000000e+000  0.000000e+000  0.000000e+000  0.000000e+000  
0.000000e+000  0.000000e+000  0.000000e+000  0.000000e+000  0.000000e+000  0.000000e+000  0.000000e+000  0.000000e+000  0.000000e+000  0.000000e+000  0.000000e+000  0.000000e+000  0.000000e+000  
0.000000e+000  0.000000e+000  0.000000e+000  0.000000e+000  0.000000e+000  0.000000e+000  0.000000e+000  0.000000e+000  0.000000e+000  0.000000e+000  0.000000e+000  0.000000e+000  0.000000e+000  
0.000000e+000  0.000000e+000  0.000000e+000  0.000000e+000  0.000000e+000  0.000000e+000  0.000000e+000  0.000000e+000  0.000000e+000  0.000000e+000  0.000000e+000  0.000000e+000  0.000000e+000  
0.000000e+000  0.000000e+000  0.000000e+000  0.000000e+000  0.000000e+000  0.000000e+000  0.000000e+000  0.000000e+000  0.000000e+000  0.000000e+000  0.000000e+000  0.000000e+000  0.000000e+000  

0.000000e+000  0.000000e+000  0.000000e+000  0.000000e+000  0.000000e+000  0.000000e+000  0.000000e+000  0.000000e+000  0.000000e+000  0.000000e+000  0.000000e+000  0.000000e+000  0.000000e+000  
0.000000e+000  0.000000e+000  0.000000e+000  0.000000e+000  0.000000e+000  0.000000e+000  0.000000e+000  0.000000e+000  0.000000e+000  0.000000e+000  0.000000e+000  0.000000e+000  0.000000e+000  
0.000000e+000  0.000000e+000  0.000000e+000  0.000000e+000  0.000000e+000  0.000000e+000  0.000000e+000  0.000000e+000  0.000000e+000  0.000000e+000  0.000000e+000  0.000000e+000  0.000000e+000  
0.000000e+000  0.000000e+000  0.000000e+000  0.000000e+000  0.000000e+000  0.000000e+000  0.000000e+000  0.000000e+000  0.000000e+000  0.000000e+000  0.000000e+000  0.000000e+000  0.000000e+000  
0.000000e+000  0.000000e+000  0.000000e+000  0.000000e+000  0.000000e+000  0.000000e+000  0.000000e+000  0.000000e+000  0.000000e+000  0.000000e+000  0.000000e+000  0.000000e+000  0.000000e+000  
0.000000e+000  0.000000e+000  0.000000e+000  0.000000e+000  0.000000e+000  0.000000e+000  0.000000e+000  0.000000e+000  0.000000e+000  0.000000e+000  0.000000e+000  0.000000e+000  0.000000e+000  
0.000000e+000  0.000000e+000  0.000000e+000  0.000000e+000  0.000000e+000  0.000000e+000  0.000000e+000  0.000000e+000  0.000000e+000  0.000000e+000  0.000000e+000  0.000000e+000  0.000000e+000  
0.000000e+000  0.000000e+000  0.000000e+000  0.000000e+000  0.000000e+000  0.000000e+000  0.000000e+000  0.000000e+000  0.000000e+000  0.000000e+000  0.000000e+000  0.000000e+000  0.000000e+000  
0.000000e+000  0.000000e+000  0.000000e+000  0.000000e+000  0.000000e+000  0.000000e+000  0.000000e+000  0.000000e+000  0.000000e+000  0.000000e+000  0.000000e+000  0.000000e+000  0.000000e+000  
0.000000e+000  0.000000e+000  0.000000e+000  0.000000e+000  0.000000e+000  0.000000e+000  0.000000e+000  0.000000e+000  0.000000e+000  0.000000e+000  0.000000e+000  0.000000e+000  0.000000e+000  

0.000000e+000  0.000000e+000  0.000000e+000  0.000000e+000  0.000000e+000  0.000000e+000  0.000000e+000  0.000000e+000  0.000000e+000  0.000000e+000  0.000000e+000  0.000000e+000  0.000000e+000  
-3.017696e-001  -5.941131e-001  -1.518303e+000  -3.860050e+000  -9.237715e+000  -1.787866e+001  -2.426815e+001  -2.806090e+001  -2.875433e+001  -2.789099e+001  -2.206182e+001  -1.717448e+001  -1.551105e+001  
-3.114368e-001  -6.328108e-001  -1.726620e+000  -4.914403e+000  -1.456165e+001  -3.823166e+001  -5.181957e+001  -5.827676e+001  -5.858724e+001  -5.615387e+001  -4.398247e+001  -3.418751e+001  -3.087990e+001  
0.000000e+000  0.000000e+000  0.000000e+000  0.000000e+000  0.000000e+000  -6.967596e+001  -8.760279e+001  -9.276579e+001  -9.031906e+001  -8.497335e+001  -6.558662e+001  -5.087575e+001  -4.596602e+001  
-9.453278e+000  -1.034158e+001  -1.265430e+001  -1.783215e+001  -3.008041e+001  -5.233467e+001  -6.666819e+001  -7.503897e+001  -7.701227e+001  -7.565072e+001  -6.326744e+001  -5.156295e+001  -4.735740e+001  
-1.880369e+001  -2.009193e+001  -2.304508e+001  -2.839233e+001  -3.711182e+001  -4.776374e+001  -5.672199e+001  -6.390645e+001  -6.718894e+001  -6.783450e+001  -6.071097e+001  -5.178103e+001  -4.829767e+001  
-2.630211e+001  -2.757864e+001  -3.024147e+001  -3.444810e+001  -4.010036e+001  -4.596792e+001  -5.145114e+001  -5.681797e+001  -6.012774e+001  -6.164207e+001  -5.822160e+001  -5.167580e+001  -4.887531e+001  
-3.801437e+001  -3.853895e+001  -3.955922e+001  -4.104898e+001  -4.288912e+001  -4.472831e+001  -4.655572e+001  -4.863516e+001  -5.028836e+001  -5.144082e+001  -5.193885e+001  -4.999103e+001  -4.885449e+001  
-4.222830e+001  -4.238562e+001  -4.268910e+001  -4.313021e+001  -4.367738e+001  -4.423736e+001  -4.482121e+001  -4.554434e+001  -4.620344e+001  -4.676148e+001  -4.770592e+001  -4.770537e+001  -4.751337e+001  
-4.297142e+001  -4.305359e+001  -4.321296e+001  -4.344663e+001  -4.374084e+001  -4.404872e+001  -4.437932e+001  -4.480690e+001  -4.522229e+001  -4.560425e+001  -4.645640e+001  -4.681769e+001  -4.684665e+001  

