Port monitor named: Port1_h1[5.5].prt

nx        = 60
ny        = 38
nz        = 26

nu        = 13
nv        = 10
iu        = 1
iv        = 10

idir      = 0
dcut      = 2.000000e-002
icut      = 53
type      = 1
frequency = 5.500000e+009

fcutoff   = 0.000000e+000
alpha     = 0.000000e+000
beta      = 1.593981e+002
accuracy  = 2.741856e-011

type          = QTEM
wave imp.     = 2.755639e+002
wave imp.sig. = 0.000000e+000
line imp.     = 5.086653e+001

ref. port     = 0

3.318048e+001  3.292990e+001  3.215635e+001  3.025903e+001  2.617955e+001  2.096367e+001  1.624899e+001  1.185557e+001  8.879496e+000  6.834923e+000  4.059690e+000  2.780998e+000  2.424780e+000  
3.342202e+001  3.338258e+001  3.318603e+001  3.226698e+001  2.772993e+001  2.040628e+001  1.505641e+001  1.086355e+001  8.227245e+000  6.442666e+000  3.937186e+000  2.735365e+000  2.394567e+000  
3.369412e+001  3.395762e+001  3.487442e+001  3.760884e+001  3.260810e+001  1.767019e+001  1.189576e+001  8.782670e+000  6.978572e+000  5.717623e+000  3.706592e+000  2.647100e+000  2.335430e+000  
-8.777600e+000  -9.405864e+000  -1.100793e+001  -1.450684e+001  -1.595712e+001  1.645886e+000  4.859106e+000  5.481387e+000  5.185673e+000  4.693679e+000  3.365735e+000  2.511720e+000  2.243612e+000  
-7.974089e+000  -8.259712e+000  -8.749699e+000  -9.063967e+000  -7.427666e+000  -2.107011e+000  1.037793e+000  2.815114e+000  3.435170e+000  3.559342e+000  2.934979e+000  2.327826e+000  2.115902e+000  
-6.764589e+000  -6.804247e+000  -6.738618e+000  -6.257519e+000  -4.769514e+000  -2.371880e+000  -3.220888e-001  1.328633e+000  2.192912e+000  2.598848e+000  2.493297e+000  2.118733e+000  1.965131e+000  
-4.131565e+000  -4.003739e+000  -3.719355e+000  -3.238464e+000  -2.541570e+000  -1.764813e+000  -9.786671e-001  -1.048784e-001  5.748523e-001  1.066643e+000  1.615844e+000  1.654059e+000  1.615952e+000  
-1.657101e+000  -1.599751e+000  -1.486082e+000  -1.315987e+000  -1.098128e+000  -8.695260e-001  -6.277489e-001  -3.254237e-001  -4.638779e-002  1.965122e-001  6.741932e-001  8.992296e-001  9.492516e-001  
-4.499650e-001  -4.359130e-001  -4.084628e-001  -3.679113e-001  -3.164171e-001  -2.621149e-001  -2.034424e-001  -1.270586e-001  -5.216902e-002  1.771506e-002  1.826003e-001  2.853815e-001  3.147891e-001  
0.000000e+000  0.000000e+000  0.000000e+000  0.000000e+000  0.000000e+000  0.000000e+000  0.000000e+000  0.000000e+000  0.000000e+000  0.000000e+000  0.000000e+000  0.000000e+000  0.000000e+000  

0.000000e+000  0.000000e+000  0.000000e+000  0.000000e+000  0.000000e+000  0.000000e+000  0.000000e+000  0.000000e+000  0.000000e+000  0.000000e+000  0.000000e+000  0.000000e+000  0.000000e+000  
1.709251e-001  7.268056e-001  1.798374e+000  3.888176e+000  5.435061e+000  4.906886e+000  3.629360e+000  2.447658e+000  1.672866e+000  7.473215e-001  2.660994e-001  7.300810e-002  0.000000e+000  
1.925529e-001  8.986675e-001  2.655598e+000  8.214217e+000  1.307884e+001  1.047782e+001  7.089673e+000  4.610768e+000  3.128250e+000  1.419423e+000  5.153599e-001  1.426596e-001  0.000000e+000  
0.000000e+000  0.000000e+000  0.000000e+000  0.000000e+000  3.031913e+001  1.648897e+001  9.645251e+000  6.077484e+000  4.145787e+000  1.953710e+000  7.334655e-001  2.059762e-001  0.000000e+000  
4.715072e-001  1.638296e+000  3.585832e+000  8.278809e+000  1.532430e+001  1.236530e+001  8.967469e+000  6.330146e+000  4.601315e+000  2.370197e+000  9.428743e-001  2.710726e-001  0.000000e+000  
7.100052e-001  2.192362e+000  3.927738e+000  6.349128e+000  8.547031e+000  8.341565e+000  7.135233e+000  5.667011e+000  4.441338e+000  2.552875e+000  1.087993e+000  3.216453e-001  0.000000e+000  
7.394420e-001  2.104158e+000  3.351062e+000  4.598231e+000  5.481100e+000  5.713793e+000  5.438606e+000  4.764212e+000  4.002614e+000  2.564057e+000  1.172726e+000  3.571680e-001  0.000000e+000  
3.836933e-001  1.030702e+000  1.540384e+000  1.979720e+000  2.296690e+000  2.486054e+000  2.572292e+000  2.519422e+000  2.362165e+000  1.918893e+000  1.103169e+000  3.757084e-001  0.000000e+000  
1.624719e-001  4.344577e-001  6.481631e-001  8.366438e-001  9.861708e-001  1.098050e+000  1.187417e+000  1.236306e+000  1.239448e+000  1.168338e+000  8.100360e-001  3.058884e-001  0.000000e+000  
1.081130e-001  2.900006e-001  4.346736e-001  5.653615e-001  6.735458e-001  7.598314e-001  8.362629e-001  8.910617e-001  9.161392e-001  9.108346e-001  6.800405e-001  2.676928e-001  0.000000e+000  

0.000000e+000  0.000000e+000  0.000000e+000  0.000000e+000  0.000000e+000  0.000000e+000  0.000000e+000  0.000000e+000  0.000000e+000  0.000000e+000  0.000000e+000  0.000000e+000  0.000000e+000  
0.000000e+000  0.000000e+000  0.000000e+000  0.000000e+000  0.000000e+000  0.000000e+000  0.000000e+000  0.000000e+000  0.000000e+000  0.000000e+000  0.000000e+000  0.000000e+000  0.000000e+000  
0.000000e+000  0.000000e+000  0.000000e+000  0.000000e+000  0.000000e+000  0.000000e+000  0.000000e+000  0.000000e+000  0.000000e+000  0.000000e+000  0.000000e+000  0.000000e+000  0.000000e+000  
0.000000e+000  0.000000e+000  0.000000e+000  0.000000e+000  0.000000e+000  0.000000e+000  0.000000e+000  0.000000e+000  0.000000e+000  0.000000e+000  0.000000e+000  0.000000e+000  0.000000e+000  
0.000000e+000  0.000000e+000  0.000000e+000  0.000000e+000  0.000000e+000  0.000000e+000  0.000000e+000  0.000000e+000  0.000000e+000  0.000000e+000  0.000000e+000  0.000000e+000  0.000000e+000  
0.000000e+000  0.000000e+000  0.000000e+000  0.000000e+000  0.000000e+000  0.000000e+000  0.000000e+000  0.000000e+000  0.000000e+000  0.000000e+000  0.000000e+000  0.000000e+000  0.000000e+000  
0.000000e+000  0.000000e+000  0.000000e+000  0.000000e+000  0.000000e+000  0.000000e+000  0.000000e+000  0.000000e+000  0.000000e+000  0.000000e+000  0.000000e+000  0.000000e+000  0.000000e+000  
0.000000e+000  0.000000e+000  0.000000e+000  0.000000e+000  0.000000e+000  0.000000e+000  0.000000e+000  0.000000e+000  0.000000e+000  0.000000e+000  0.000000e+000  0.000000e+000  0.000000e+000  
0.000000e+000  0.000000e+000  0.000000e+000  0.000000e+000  0.000000e+000  0.000000e+000  0.000000e+000  0.000000e+000  0.000000e+000  0.000000e+000  0.000000e+000  0.000000e+000  0.000000e+000  
0.000000e+000  0.000000e+000  0.000000e+000  0.000000e+000  0.000000e+000  0.000000e+000  0.000000e+000  0.000000e+000  0.000000e+000  0.000000e+000  0.000000e+000  0.000000e+000  0.000000e+000  

0.000000e+000  0.000000e+000  0.000000e+000  0.000000e+000  0.000000e+000  0.000000e+000  0.000000e+000  0.000000e+000  0.000000e+000  0.000000e+000  0.000000e+000  0.000000e+000  0.000000e+000  
0.000000e+000  0.000000e+000  0.000000e+000  0.000000e+000  0.000000e+000  0.000000e+000  0.000000e+000  0.000000e+000  0.000000e+000  0.000000e+000  0.000000e+000  0.000000e+000  0.000000e+000  
0.000000e+000  0.000000e+000  0.000000e+000  0.000000e+000  0.000000e+000  0.000000e+000  0.000000e+000  0.000000e+000  0.000000e+000  0.000000e+000  0.000000e+000  0.000000e+000  0.000000e+000  
0.000000e+000  0.000000e+000  0.000000e+000  0.000000e+000  0.000000e+000  0.000000e+000  0.000000e+000  0.000000e+000  0.000000e+000  0.000000e+000  0.000000e+000  0.000000e+000  0.000000e+000  
0.000000e+000  0.000000e+000  0.000000e+000  0.000000e+000  0.000000e+000  0.000000e+000  0.000000e+000  0.000000e+000  0.000000e+000  0.000000e+000  0.000000e+000  0.000000e+000  0.000000e+000  
0.000000e+000  0.000000e+000  0.000000e+000  0.000000e+000  0.000000e+000  0.000000e+000  0.000000e+000  0.000000e+000  0.000000e+000  0.000000e+000  0.000000e+000  0.000000e+000  0.000000e+000  
0.000000e+000  0.000000e+000  0.000000e+000  0.000000e+000  0.000000e+000  0.000000e+000  0.000000e+000  0.000000e+000  0.000000e+000  0.000000e+000  0.000000e+000  0.000000e+000  0.000000e+000  
0.000000e+000  0.000000e+000  0.000000e+000  0.000000e+000  0.000000e+000  0.000000e+000  0.000000e+000  0.000000e+000  0.000000e+000  0.000000e+000  0.000000e+000  0.000000e+000  0.000000e+000  
0.000000e+000  0.000000e+000  0.000000e+000  0.000000e+000  0.000000e+000  0.000000e+000  0.000000e+000  0.000000e+000  0.000000e+000  0.000000e+000  0.000000e+000  0.000000e+000  0.000000e+000  
0.000000e+000  0.000000e+000  0.000000e+000  0.000000e+000  0.000000e+000  0.000000e+000  0.000000e+000  0.000000e+000  0.000000e+000  0.000000e+000  0.000000e+000  0.000000e+000  0.000000e+000  

0.000000e+000  0.000000e+000  0.000000e+000  0.000000e+000  0.000000e+000  0.000000e+000  0.000000e+000  0.000000e+000  0.000000e+000  0.000000e+000  0.000000e+000  0.000000e+000  0.000000e+000  
0.000000e+000  0.000000e+000  0.000000e+000  0.000000e+000  0.000000e+000  0.000000e+000  0.000000e+000  0.000000e+000  0.000000e+000  0.000000e+000  0.000000e+000  0.000000e+000  0.000000e+000  
0.000000e+000  0.000000e+000  0.000000e+000  0.000000e+000  0.000000e+000  0.000000e+000  0.000000e+000  0.000000e+000  0.000000e+000  0.000000e+000  0.000000e+000  0.000000e+000  0.000000e+000  
0.000000e+000  0.000000e+000  0.000000e+000  0.000000e+000  0.000000e+000  0.000000e+000  0.000000e+000  0.000000e+000  0.000000e+000  0.000000e+000  0.000000e+000  0.000000e+000  0.000000e+000  
0.000000e+000  0.000000e+000  0.000000e+000  0.000000e+000  0.000000e+000  0.000000e+000  0.000000e+000  0.000000e+000  0.000000e+000  0.000000e+000  0.000000e+000  0.000000e+000  0.000000e+000  
0.000000e+000  0.000000e+000  0.000000e+000  0.000000e+000  0.000000e+000  0.000000e+000  0.000000e+000  0.000000e+000  0.000000e+000  0.000000e+000  0.000000e+000  0.000000e+000  0.000000e+000  
0.000000e+000  0.000000e+000  0.000000e+000  0.000000e+000  0.000000e+000  0.000000e+000  0.000000e+000  0.000000e+000  0.000000e+000  0.000000e+000  0.000000e+000  0.000000e+000  0.000000e+000  
0.000000e+000  0.000000e+000  0.000000e+000  0.000000e+000  0.000000e+000  0.000000e+000  0.000000e+000  0.000000e+000  0.000000e+000  0.000000e+000  0.000000e+000  0.000000e+000  0.000000e+000  
0.000000e+000  0.000000e+000  0.000000e+000  0.000000e+000  0.000000e+000  0.000000e+000  0.000000e+000  0.000000e+000  0.000000e+000  0.000000e+000  0.000000e+000  0.000000e+000  0.000000e+000  
0.000000e+000  0.000000e+000  0.000000e+000  0.000000e+000  0.000000e+000  0.000000e+000  0.000000e+000  0.000000e+000  0.000000e+000  0.000000e+000  0.000000e+000  0.000000e+000  0.000000e+000  

-1.473231e-001  -3.995104e-001  -6.040813e-001  -7.858949e-001  -9.117521e-001  -9.659143e-001  -9.659901e-001  -9.136799e-001  -8.353654e-001  -6.569202e-001  -3.827549e-001  -1.334612e-001  0.000000e+000  
-1.492752e-001  -4.078524e-001  -6.249457e-001  -8.322827e-001  -9.843772e-001  -1.025223e+000  -1.002291e+000  -9.315819e-001  -8.428814e-001  -6.547635e-001  -3.798798e-001  -1.323717e-001  0.000000e+000  
-1.514505e-001  -4.179684e-001  -6.546582e-001  -9.233233e-001  -1.171893e+000  -1.151620e+000  -1.069843e+000  -9.617907e-001  -8.540465e-001  -6.493701e-001  -3.740042e-001  -1.301895e-001  0.000000e+000  
-1.119165e-001  -3.195583e-001  -5.244690e-001  -7.923611e-001  -1.071704e+000  -1.066697e+000  -9.982810e-001  -9.011266e-001  -8.026192e-001  -6.143142e-001  -3.568740e-001  -1.248171e-001  0.000000e+000  
-1.020182e-001  -2.852620e-001  -4.496607e-001  -6.203013e-001  -7.568331e-001  -8.038148e-001  -7.985635e-001  -7.525291e-001  -6.891943e-001  -5.492348e-001  -3.281887e-001  -1.161406e-001  0.000000e+000  
-8.703218e-002  -2.390511e-001  -3.669972e-001  -4.868458e-001  -5.769363e-001  -6.247474e-001  -6.406664e-001  -6.224322e-001  -5.835057e-001  -4.831592e-001  -2.974274e-001  -1.066155e-001  0.000000e+000  
-5.416851e-002  -1.454966e-001  -2.178440e-001  -2.816234e-001  -3.307661e-001  -3.649055e-001  -3.885235e-001  -3.959230e-001  -3.880805e-001  -3.494172e-001  -2.313763e-001  -8.563619e-002  0.000000e+000  
-2.231408e-002  -5.979288e-002  -8.946334e-002  -1.159962e-001  -1.375465e-001  -1.542446e-001  -1.683780e-001  -1.774810e-001  -1.803483e-001  -1.750041e-001  -1.266175e-001  -4.903885e-002  0.000000e+000  
-6.161208e-003  -1.654167e-002  -2.482278e-002  -3.233995e-002  -3.860819e-002  -4.365568e-002  -4.818958e-002  -5.154158e-002  -5.321006e-002  -5.336053e-002  -4.040582e-002  -1.604995e-002  0.000000e+000  
0.000000e+000  0.000000e+000  0.000000e+000  0.000000e+000  0.000000e+000  0.000000e+000  0.000000e+000  0.000000e+000  0.000000e+000  0.000000e+000  0.000000e+000  0.000000e+000  0.000000e+000  

