Unknown:
C:\Users\dohai\My Drive\Learning\Master\Antenna\Wire\Result\e-field (f=2)_1,1_m3d.tfo
C:\Users\dohai\My Drive\Learning\Master\Antenna\Wire\Result\farfield (f=2)_1.fme
C:\Users\dohai\My Drive\Learning\Master\Antenna\Wire\Result\h-field (f=2)_1,1_m3d.tfo
C:\Users\dohai\My Drive\Learning\Master\Antenna\Wire\Result\h-field (f=2)_1,1_m3d_sct.tfo
C:\Users\dohai\My Drive\Learning\Master\Antenna\Wire\Result\MCalc-Facets-1xN.log
C:\Users\dohai\My Drive\Learning\Master\Antenna\Wire\Result\MCalc-Facets-PP.log
C:\Users\dohai\My Drive\Learning\Master\Antenna\Wire\Result\MCalc.ddi
C:\Users\dohai\My Drive\Learning\Master\Antenna\Wire\Result\MCalc.log
C:\Users\dohai\My Drive\Learning\Master\Antenna\Wire\Result\Model.axg
C:\Users\dohai\My Drive\Learning\Master\Antenna\Wire\Result\Model.ddi
C:\Users\dohai\My Drive\Learning\Master\Antenna\Wire\Result\Model.inf
C:\Users\dohai\My Drive\Learning\Master\Antenna\Wire\Result\Model.log
C:\Users\dohai\My Drive\Learning\Master\Antenna\Wire\Result\Model.sa
C:\Users\dohai\My Drive\Learning\Master\Antenna\Wire\Result\m^fbqq.dsc
C:\Users\dohai\My Drive\Learning\Master\Antenna\Wire\Result\m^fifx.dsc
C:\Users\dohai\My Drive\Learning\Master\Antenna\Wire\Result\m^fqq.dsc
C:\Users\dohai\My Drive\Learning\Master\Antenna\Wire\Result\Ports.web
C:\Users\dohai\My Drive\Learning\Master\Antenna\Wire\Result\p^a.dsc
C:\Users\dohai\My Drive\Learning\Master\Antenna\Wire\Result\P^m^fbqq.slog
C:\Users\dohai\My Drive\Learning\Master\Antenna\Wire\Result\P^m^fqq.slog
C:\Users\dohai\My Drive\Learning\Master\Antenna\Wire\Result\P^p^m.slog
C:\Users\dohai\My Drive\Learning\Master\Antenna\Wire\Result\P^s^pm.slog
Mesh:
C:\Users\dohai\My Drive\Learning\Master\Antenna\Wire\Result\dA.mat
C:\Users\dohai\My Drive\Learning\Master\Antenna\Wire\Result\dad.mat
C:\Users\dohai\My Drive\Learning\Master\Antenna\Wire\Result\ds.mat
C:\Users\dohai\My Drive\Learning\Master\Antenna\Wire\Result\dsd.mat
C:\Users\dohai\My Drive\Learning\Master\Antenna\Wire\Result\dsMCalc.mat
C:\Users\dohai\My Drive\Learning\Master\Antenna\Wire\Result\Eps.mat
C:\Users\dohai\My Drive\Learning\Master\Antenna\Wire\Result\HexMatrix.m2h
C:\Users\dohai\My Drive\Learning\Master\Antenna\Wire\Result\HexMatrix_MCalc.m2h
C:\Users\dohai\My Drive\Learning\Master\Antenna\Wire\Result\MCalc.fmp
C:\Users\dohai\My Drive\Learning\Master\Antenna\Wire\Result\MCalc.xcfd
C:\Users\dohai\My Drive\Learning\Master\Antenna\Wire\Result\Model.fmf
C:\Users\dohai\My Drive\Learning\Master\Antenna\Wire\Result\Model.fmm
C:\Users\dohai\My Drive\Learning\Master\Antenna\Wire\Result\Model.fpc
C:\Users\dohai\My Drive\Learning\Master\Antenna\Wire\Result\Model.fsi
C:\Users\dohai\My Drive\Learning\Master\Antenna\Wire\Result\Model.fwf
C:\Users\dohai\My Drive\Learning\Master\Antenna\Wire\Result\Model.mss
C:\Users\dohai\My Drive\Learning\Master\Antenna\Wire\Result\Model.sic
C:\Users\dohai\My Drive\Learning\Master\Antenna\Wire\Result\Model.spi
C:\Users\dohai\My Drive\Learning\Master\Antenna\Wire\Result\Model.xcfd
C:\Users\dohai\My Drive\Learning\Master\Antenna\Wire\Result\Model^PEC.fpf
C:\Users\dohai\My Drive\Learning\Master\Antenna\Wire\Result\Mue.mat
C:\Users\dohai\My Drive\Learning\Master\Antenna\Wire\Result\m^fbqq.mem
C:\Users\dohai\My Drive\Learning\Master\Antenna\Wire\Result\m^fifx.mem
C:\Users\dohai\My Drive\Learning\Master\Antenna\Wire\Result\m^fqq.mem
C:\Users\dohai\My Drive\Learning\Master\Antenna\Wire\Result\PEC.mat
C:\Users\dohai\My Drive\Learning\Master\Antenna\Wire\Result\Ports.fpt
C:\Users\dohai\My Drive\Learning\Master\Antenna\Wire\Result\PP.fsi
C:\Users\dohai\My Drive\Learning\Master\Antenna\Wire\Result\p^a.mem
C:\Users\dohai\My Drive\Learning\Master\Antenna\Wire\Result\p^m.mem
C:\Users\dohai\My Drive\Learning\Master\Antenna\Wire\Result\Rho.mat
C:\Users\dohai\My Drive\Learning\Master\Antenna\Wire\Result\S2HMatrix.m2h
C:\Users\dohai\My Drive\Learning\Master\Antenna\Wire\Result\s^pm.mem
Port:
C:\Users\dohai\My Drive\Learning\Master\Antenna\Wire\Result\Model.pmi
