Unknown:
C:\Users\dohai\My Drive\Learning\Master\Antenna\Microstrip\Result\farfield (f=5)1D_1.ffp
C:\Users\dohai\My Drive\Learning\Master\Antenna\Microstrip\Result\farfield (f=5)2D_1.ffp
C:\Users\dohai\My Drive\Learning\Master\Antenna\Microstrip\Result\farfield (f=5)_1.fme
C:\Users\dohai\My Drive\Learning\Master\Antenna\Microstrip\Result\MCalc-Facets-1xN.log
C:\Users\dohai\My Drive\Learning\Master\Antenna\Microstrip\Result\MCalc-Facets-PP.log
C:\Users\dohai\My Drive\Learning\Master\Antenna\Microstrip\Result\MCalc.ddi
C:\Users\dohai\My Drive\Learning\Master\Antenna\Microstrip\Result\MCalc.log
C:\Users\dohai\My Drive\Learning\Master\Antenna\Microstrip\Result\Model.axg
C:\Users\dohai\My Drive\Learning\Master\Antenna\Microstrip\Result\Model.coco
C:\Users\dohai\My Drive\Learning\Master\Antenna\Microstrip\Result\Model.ddi
C:\Users\dohai\My Drive\Learning\Master\Antenna\Microstrip\Result\Model.elg
C:\Users\dohai\My Drive\Learning\Master\Antenna\Microstrip\Result\Model.inf
C:\Users\dohai\My Drive\Learning\Master\Antenna\Microstrip\Result\Model.log
C:\Users\dohai\My Drive\Learning\Master\Antenna\Microstrip\Result\Model.sa
C:\Users\dohai\My Drive\Learning\Master\Antenna\Microstrip\Result\m^fifx.dsc
C:\Users\dohai\My Drive\Learning\Master\Antenna\Microstrip\Result\m^fqq.dsc
C:\Users\dohai\My Drive\Learning\Master\Antenna\Microstrip\Result\m^ppex.dsc
C:\Users\dohai\My Drive\Learning\Master\Antenna\Microstrip\Result\m^wgp.dsc
C:\Users\dohai\My Drive\Learning\Master\Antenna\Microstrip\Result\Port1_e1[5.5]_prt.sct
C:\Users\dohai\My Drive\Learning\Master\Antenna\Microstrip\Result\Port1_e1[5.5]_res.axg
C:\Users\dohai\My Drive\Learning\Master\Antenna\Microstrip\Result\Port1_e1_pmm_5.5.tfo
C:\Users\dohai\My Drive\Learning\Master\Antenna\Microstrip\Result\Port1_h1[5.5]_prt.sct
C:\Users\dohai\My Drive\Learning\Master\Antenna\Microstrip\Result\Port1_h1[5.5]_res.axg
C:\Users\dohai\My Drive\Learning\Master\Antenna\Microstrip\Result\Port1_h1_pmm_5.5.tfo
C:\Users\dohai\My Drive\Learning\Master\Antenna\Microstrip\Result\Port^Mesh^1_1.slm
C:\Users\dohai\My Drive\Learning\Master\Antenna\Microstrip\Result\p^a.dsc
C:\Users\dohai\My Drive\Learning\Master\Antenna\Microstrip\Result\P^m^fbqq.slog
C:\Users\dohai\My Drive\Learning\Master\Antenna\Microstrip\Result\P^m^fqq.slog
C:\Users\dohai\My Drive\Learning\Master\Antenna\Microstrip\Result\P^p^m.slog
C:\Users\dohai\My Drive\Learning\Master\Antenna\Microstrip\Result\P^s^pm.slog
Mesh:
C:\Users\dohai\My Drive\Learning\Master\Antenna\Microstrip\Result\dA.mat
C:\Users\dohai\My Drive\Learning\Master\Antenna\Microstrip\Result\dad.mat
C:\Users\dohai\My Drive\Learning\Master\Antenna\Microstrip\Result\ds.mat
C:\Users\dohai\My Drive\Learning\Master\Antenna\Microstrip\Result\dsd.mat
C:\Users\dohai\My Drive\Learning\Master\Antenna\Microstrip\Result\dsMCalc.mat
C:\Users\dohai\My Drive\Learning\Master\Antenna\Microstrip\Result\Eps.mat
C:\Users\dohai\My Drive\Learning\Master\Antenna\Microstrip\Result\HexMatrix.m2h
C:\Users\dohai\My Drive\Learning\Master\Antenna\Microstrip\Result\HexMatrix_MCalc.m2h
C:\Users\dohai\My Drive\Learning\Master\Antenna\Microstrip\Result\Kappa.mat
C:\Users\dohai\My Drive\Learning\Master\Antenna\Microstrip\Result\MCalc.fmp
C:\Users\dohai\My Drive\Learning\Master\Antenna\Microstrip\Result\MCalc.xcfd
C:\Users\dohai\My Drive\Learning\Master\Antenna\Microstrip\Result\Meta.m2h
C:\Users\dohai\My Drive\Learning\Master\Antenna\Microstrip\Result\Meta.mat
C:\Users\dohai\My Drive\Learning\Master\Antenna\Microstrip\Result\Model.fmf
C:\Users\dohai\My Drive\Learning\Master\Antenna\Microstrip\Result\Model.fmm
C:\Users\dohai\My Drive\Learning\Master\Antenna\Microstrip\Result\Model.fpc
C:\Users\dohai\My Drive\Learning\Master\Antenna\Microstrip\Result\Model.fsi
C:\Users\dohai\My Drive\Learning\Master\Antenna\Microstrip\Result\Model.fwf
C:\Users\dohai\My Drive\Learning\Master\Antenna\Microstrip\Result\Model.mss
C:\Users\dohai\My Drive\Learning\Master\Antenna\Microstrip\Result\Model.sic
C:\Users\dohai\My Drive\Learning\Master\Antenna\Microstrip\Result\Model.spi
C:\Users\dohai\My Drive\Learning\Master\Antenna\Microstrip\Result\Model.xcfd
C:\Users\dohai\My Drive\Learning\Master\Antenna\Microstrip\Result\Model^PEC.fpf
C:\Users\dohai\My Drive\Learning\Master\Antenna\Microstrip\Result\Mue.mat
C:\Users\dohai\My Drive\Learning\Master\Antenna\Microstrip\Result\m^fqq.mem
C:\Users\dohai\My Drive\Learning\Master\Antenna\Microstrip\Result\p1.spi
C:\Users\dohai\My Drive\Learning\Master\Antenna\Microstrip\Result\PEC.mat
C:\Users\dohai\My Drive\Learning\Master\Antenna\Microstrip\Result\Port1.wgi
C:\Users\dohai\My Drive\Learning\Master\Antenna\Microstrip\Result\PP.fsi
C:\Users\dohai\My Drive\Learning\Master\Antenna\Microstrip\Result\p^a.mem
C:\Users\dohai\My Drive\Learning\Master\Antenna\Microstrip\Result\p^m.mem
C:\Users\dohai\My Drive\Learning\Master\Antenna\Microstrip\Result\Rho.mat
C:\Users\dohai\My Drive\Learning\Master\Antenna\Microstrip\Result\S2HMatrix.m2h
C:\Users\dohai\My Drive\Learning\Master\Antenna\Microstrip\Result\s^pm.mem
Port:
C:\Users\dohai\My Drive\Learning\Master\Antenna\Microstrip\Result\adapt_Port1_e1.prt
C:\Users\dohai\My Drive\Learning\Master\Antenna\Microstrip\Result\adapt_Port1_e1[5.5].prt
C:\Users\dohai\My Drive\Learning\Master\Antenna\Microstrip\Result\adapt_Port1_h1.prt
C:\Users\dohai\My Drive\Learning\Master\Antenna\Microstrip\Result\adapt_Port1_h1[5.5].prt
C:\Users\dohai\My Drive\Learning\Master\Antenna\Microstrip\Result\Model.pmi
C:\Users\dohai\My Drive\Learning\Master\Antenna\Microstrip\Result\Port1_1[5.5].m2d
C:\Users\dohai\My Drive\Learning\Master\Antenna\Microstrip\Result\Port1_drv.m2d
C:\Users\dohai\My Drive\Learning\Master\Antenna\Microstrip\Result\Port1_e1.prt
C:\Users\dohai\My Drive\Learning\Master\Antenna\Microstrip\Result\Port1_e1[5.5].prt
C:\Users\dohai\My Drive\Learning\Master\Antenna\Microstrip\Result\Port1_h1.prt
C:\Users\dohai\My Drive\Learning\Master\Antenna\Microstrip\Result\Port1_h1[5.5].prt
