Port monitor named: Port1_h1[5.5].prt

nx        = 75
ny        = 48
nz        = 26

nu        = 9
nv        = 10
iu        = 1
iv        = 10

idir      = 0
dcut      = 2.000000e-002
icut      = 68
type      = 1
frequency = 5.500000e+009

fcutoff   = 0.000000e+000
alpha     = 0.000000e+000
beta      = 1.501222e+002
accuracy  = 3.913858e-011

type          = QTEM
wave imp.     = 2.963022e+002
wave imp.sig. = 0.000000e+000
line imp.     = 1.749666e+002

ref. port     = 0

3.282202e+001  2.618638e+001  1.807514e+001  1.195648e+001  4.980211e+000  2.665538e+000  2.240629e+000  2.165728e+000  2.145000e+000  
4.152862e+001  2.714404e+001  1.675729e+001  1.071551e+001  4.684710e+000  2.594301e+000  2.199235e+000  2.129125e+000  2.109679e+000  
6.912288e+001  2.546184e+001  1.257623e+001  8.164065e+000  4.137215e+000  2.459578e+000  2.119483e+000  2.058244e+000  2.041176e+000  
-5.446968e+001  -8.434258e+000  1.816362e+000  4.256237e+000  3.363588e+000  2.259431e+000  1.997841e+000  1.949425e+000  1.935811e+000  
-2.156936e+001  -9.911328e+000  -2.467472e+000  1.242842e+000  2.517389e+000  2.003603e+000  1.834045e+000  1.801134e+000  1.791740e+000  
-1.101393e+001  -7.362564e+000  -3.178766e+000  -2.481213e-001  1.807011e+000  1.736034e+000  1.650199e+000  1.631997e+000  1.626663e+000  
-3.583440e+000  -3.112619e+000  -2.163114e+000  -1.172574e+000  6.812260e-001  1.191569e+000  1.247709e+000  1.255662e+000  1.257663e+000  
-1.025984e+000  -9.678986e-001  -8.166266e-001  -6.149367e-001  9.095952e-002  5.419382e-001  6.374261e-001  6.546600e-001  6.594625e-001  
-2.441275e-001  -2.349042e-001  -2.089644e-001  -1.705269e-001  1.040222e-004  1.548372e-001  1.930973e-001  2.002564e-001  2.022774e-001  
0.000000e+000  0.000000e+000  0.000000e+000  0.000000e+000  0.000000e+000  0.000000e+000  0.000000e+000  0.000000e+000  0.000000e+000  

0.000000e+000  0.000000e+000  0.000000e+000  0.000000e+000  0.000000e+000  0.000000e+000  0.000000e+000  0.000000e+000  0.000000e+000  
5.371909e+000  6.558435e+000  4.939051e+000  1.766196e+000  4.212006e-001  1.388698e-001  5.805143e-002  1.604749e-002  0.000000e+000  
1.702230e+001  1.495786e+001  9.813260e+000  3.289583e+000  8.003790e-001  2.676109e-001  1.122391e-001  3.106211e-002  0.000000e+000  
6.325218e+001  2.537463e+001  1.336150e+001  4.298554e+000  1.102242e+000  3.777045e-001  1.592780e-001  4.416138e-002  0.000000e+000  
1.681410e+001  1.531177e+001  1.094199e+001  4.548771e+000  1.337645e+000  4.786598e-001  2.036671e-001  5.663762e-002  0.000000e+000  
5.396898e+000  8.008674e+000  7.289236e+000  4.133297e+000  1.441023e+000  5.423806e-001  2.331561e-001  6.506014e-002  0.000000e+000  
1.818898e+000  3.902607e+000  4.406000e+000  3.480500e+000  1.445804e+000  5.723186e-001  2.485405e-001  6.959019e-002  0.000000e+000  
3.469913e-001  9.300161e-001  1.298438e+000  1.623843e+000  1.052763e+000  4.861250e-001  2.179848e-001  6.171208e-002  0.000000e+000  
9.339468e-002  2.688820e-001  4.153772e-001  6.417081e-001  5.849042e-001  3.036759e-001  1.393823e-001  3.977852e-002  0.000000e+000  
5.292052e-002  1.549812e-001  2.464090e-001  4.039297e-001  4.252627e-001  2.314721e-001  1.071979e-001  3.068784e-002  0.000000e+000  

0.000000e+000  0.000000e+000  0.000000e+000  0.000000e+000  0.000000e+000  0.000000e+000  0.000000e+000  0.000000e+000  0.000000e+000  
0.000000e+000  0.000000e+000  0.000000e+000  0.000000e+000  0.000000e+000  0.000000e+000  0.000000e+000  0.000000e+000  0.000000e+000  
0.000000e+000  0.000000e+000  0.000000e+000  0.000000e+000  0.000000e+000  0.000000e+000  0.000000e+000  0.000000e+000  0.000000e+000  
0.000000e+000  0.000000e+000  0.000000e+000  0.000000e+000  0.000000e+000  0.000000e+000  0.000000e+000  0.000000e+000  0.000000e+000  
0.000000e+000  0.000000e+000  0.000000e+000  0.000000e+000  0.000000e+000  0.000000e+000  0.000000e+000  0.000000e+000  0.000000e+000  
0.000000e+000  0.000000e+000  0.000000e+000  0.000000e+000  0.000000e+000  0.000000e+000  0.000000e+000  0.000000e+000  0.000000e+000  
0.000000e+000  0.000000e+000  0.000000e+000  0.000000e+000  0.000000e+000  0.000000e+000  0.000000e+000  0.000000e+000  0.000000e+000  
0.000000e+000  0.000000e+000  0.000000e+000  0.000000e+000  0.000000e+000  0.000000e+000  0.000000e+000  0.000000e+000  0.000000e+000  
0.000000e+000  0.000000e+000  0.000000e+000  0.000000e+000  0.000000e+000  0.000000e+000  0.000000e+000  0.000000e+000  0.000000e+000  
0.000000e+000  0.000000e+000  0.000000e+000  0.000000e+000  0.000000e+000  0.000000e+000  0.000000e+000  0.000000e+000  0.000000e+000  

0.000000e+000  0.000000e+000  0.000000e+000  0.000000e+000  0.000000e+000  0.000000e+000  0.000000e+000  0.000000e+000  0.000000e+000  
0.000000e+000  0.000000e+000  0.000000e+000  0.000000e+000  0.000000e+000  0.000000e+000  0.000000e+000  0.000000e+000  0.000000e+000  
0.000000e+000  0.000000e+000  0.000000e+000  0.000000e+000  0.000000e+000  0.000000e+000  0.000000e+000  0.000000e+000  0.000000e+000  
0.000000e+000  0.000000e+000  0.000000e+000  0.000000e+000  0.000000e+000  0.000000e+000  0.000000e+000  0.000000e+000  0.000000e+000  
0.000000e+000  0.000000e+000  0.000000e+000  0.000000e+000  0.000000e+000  0.000000e+000  0.000000e+000  0.000000e+000  0.000000e+000  
0.000000e+000  0.000000e+000  0.000000e+000  0.000000e+000  0.000000e+000  0.000000e+000  0.000000e+000  0.000000e+000  0.000000e+000  
0.000000e+000  0.000000e+000  0.000000e+000  0.000000e+000  0.000000e+000  0.000000e+000  0.000000e+000  0.000000e+000  0.000000e+000  
0.000000e+000  0.000000e+000  0.000000e+000  0.000000e+000  0.000000e+000  0.000000e+000  0.000000e+000  0.000000e+000  0.000000e+000  
0.000000e+000  0.000000e+000  0.000000e+000  0.000000e+000  0.000000e+000  0.000000e+000  0.000000e+000  0.000000e+000  0.000000e+000  
0.000000e+000  0.000000e+000  0.000000e+000  0.000000e+000  0.000000e+000  0.000000e+000  0.000000e+000  0.000000e+000  0.000000e+000  

0.000000e+000  0.000000e+000  0.000000e+000  0.000000e+000  0.000000e+000  0.000000e+000  0.000000e+000  0.000000e+000  0.000000e+000  
0.000000e+000  0.000000e+000  0.000000e+000  0.000000e+000  0.000000e+000  0.000000e+000  0.000000e+000  0.000000e+000  0.000000e+000  
0.000000e+000  0.000000e+000  0.000000e+000  0.000000e+000  0.000000e+000  0.000000e+000  0.000000e+000  0.000000e+000  0.000000e+000  
0.000000e+000  0.000000e+000  0.000000e+000  0.000000e+000  0.000000e+000  0.000000e+000  0.000000e+000  0.000000e+000  0.000000e+000  
0.000000e+000  0.000000e+000  0.000000e+000  0.000000e+000  0.000000e+000  0.000000e+000  0.000000e+000  0.000000e+000  0.000000e+000  
0.000000e+000  0.000000e+000  0.000000e+000  0.000000e+000  0.000000e+000  0.000000e+000  0.000000e+000  0.000000e+000  0.000000e+000  
0.000000e+000  0.000000e+000  0.000000e+000  0.000000e+000  0.000000e+000  0.000000e+000  0.000000e+000  0.000000e+000  0.000000e+000  
0.000000e+000  0.000000e+000  0.000000e+000  0.000000e+000  0.000000e+000  0.000000e+000  0.000000e+000  0.000000e+000  0.000000e+000  
0.000000e+000  0.000000e+000  0.000000e+000  0.000000e+000  0.000000e+000  0.000000e+000  0.000000e+000  0.000000e+000  0.000000e+000  
0.000000e+000  0.000000e+000  0.000000e+000  0.000000e+000  0.000000e+000  0.000000e+000  0.000000e+000  0.000000e+000  0.000000e+000  

-1.884705e-001  -4.348766e-001  -5.378292e-001  -5.489021e-001  -3.286312e-001  -1.511223e-001  -6.777939e-002  -1.919230e-002  0.000000e+000  
-2.741697e-001  -5.289522e-001  -6.017447e-001  -5.619805e-001  -3.275869e-001  -1.500454e-001  -6.725540e-002  -1.904033e-002  0.000000e+000  
-5.526651e-001  -7.423858e-001  -7.257746e-001  -5.838417e-001  -3.249266e-001  -1.477988e-001  -6.617828e-002  -1.872927e-002  0.000000e+000  
-4.971946e-001  -6.832613e-001  -6.744944e-001  -5.449704e-001  -3.065359e-001  -1.401346e-001  -6.281333e-002  -1.778355e-002  0.000000e+000  
-2.032732e-001  -4.035070e-001  -4.661545e-001  -4.463839e-001  -2.722190e-001  -1.269408e-001  -5.710908e-002  -1.618849e-002  0.000000e+000  
-1.070826e-001  -2.558645e-001  -3.273249e-001  -3.594217e-001  -2.374520e-001  -1.130501e-001  -5.105764e-002  -1.449203e-002  0.000000e+000  
-3.704837e-002  -1.024189e-001  -1.498373e-001  -2.086383e-001  -1.673066e-001  -8.385409e-002  -3.823602e-002  -1.088795e-002  0.000000e+000  
-1.125403e-002  -3.262324e-002  -5.099563e-002  -8.078966e-002  -7.884494e-002  -4.193521e-002  -1.933747e-002  -5.527647e-003  0.000000e+000  
-2.769919e-003  -8.121148e-003  -1.293930e-002  -2.131040e-002  -2.284766e-002  -1.251977e-002  -5.805492e-003  -1.662689e-003  0.000000e+000  
0.000000e+000  0.000000e+000  0.000000e+000  0.000000e+000  0.000000e+000  0.000000e+000  0.000000e+000  0.000000e+000  0.000000e+000  

