Port monitor named: Port1_e1[5.5].prt

nx        = 75
ny        = 48
nz        = 26

nu        = 9
nv        = 10
iu        = 1
iv        = 10

idir      = 0
dcut      = 2.000000e-002
icut      = 68
type      = 0
frequency = 5.500000e+009

fcutoff   = 0.000000e+000
alpha     = 0.000000e+000
beta      = 1.501222e+002
accuracy  = 3.913858e-011

type          = QTEM
wave imp.     = 2.963022e+002
wave imp.sig. = 0.000000e+000
line imp.     = 1.749666e+002

ref. port     = 0

0.000000e+000  0.000000e+000  0.000000e+000  0.000000e+000  0.000000e+000  0.000000e+000  0.000000e+000  0.000000e+000  0.000000e+000  
1.682625e+003  1.994544e+003  1.462824e+003  4.677568e+002  8.798408e+001  2.486109e+001  9.974922e+000  2.717155e+000  0.000000e+000  
5.371095e+003  4.542599e+003  2.889677e+003  8.570697e+002  1.633639e+002  4.693982e+001  1.892367e+001  5.163696e+000  0.000000e+000  
1.969245e+004  7.630361e+003  3.870612e+003  1.081638e+003  2.157701e+002  6.397788e+001  2.600723e+001  7.117469e+000  0.000000e+000  
5.216009e+003  4.625125e+003  3.218225e+003  1.214259e+003  3.021033e+002  9.867021e+001  4.105114e+001  1.132541e+001  0.000000e+000  
1.655117e+003  2.405504e+003  2.143480e+003  1.130390e+003  3.481786e+002  1.227417e+002  5.193621e+001  1.441126e+001  0.000000e+000  
5.467900e+002  1.157488e+003  1.285819e+003  9.635215e+002  3.631848e+002  1.367131e+002  5.866607e+001  1.635667e+001  0.000000e+000  
1.002132e+002  2.667997e+002  3.686990e+002  4.495981e+002  2.763436e+002  1.246974e+002  5.564016e+001  1.572453e+001  0.000000e+000  
2.601217e+001  7.471012e+001  1.149364e+002  1.759593e+002  1.562196e+002  8.030827e+001  3.678833e+001  1.049197e+001  0.000000e+000  
1.451012e+001  4.245552e+001  6.738851e+001  1.100564e+002  1.141659e+002  6.179480e+001  2.858736e+001  8.180742e+000  0.000000e+000  

-9.046505e+003  -6.968265e+003  -4.501798e+003  -2.689784e+003  -8.401396e+002  -3.510838e+002  -2.730896e+002  -2.598326e+002  -2.562112e+002  
-1.177393e+004  -7.220188e+003  -4.069620e+003  -2.301079e+003  -7.569505e+002  -3.351588e+002  -2.653641e+002  -2.533803e+002  -2.500948e+002  
-2.048126e+004  -6.546628e+003  -2.727307e+003  -1.507082e+003  -6.048363e+002  -3.056926e+002  -2.507624e+002  -2.410946e+002  -2.384213e+002  
1.668208e+004  2.258979e+003  -8.026431e+002  -1.459876e+003  -1.006911e+003  -6.069511e+002  -5.179385e+002  -5.016816e+002  -4.971313e+002  
6.476834e+003  2.840611e+003  5.779228e+002  -5.138710e+002  -7.651595e+002  -5.451071e+002  -4.823522e+002  -4.704256e+002  -4.670445e+002  
3.240889e+003  2.109730e+003  8.379055e+002  -3.398783e+001  -5.574646e+002  -4.767586e+002  -4.390187e+002  -4.314236e+002  -4.292318e+002  
1.009830e+003  8.669579e+002  5.824027e+002  2.900267e+002  -2.227061e+002  -3.330646e+002  -3.394386e+002  -3.398729e+002  -3.399229e+002  
2.760660e+002  2.590686e+002  2.151152e+002  1.571609e+002  -3.938095e+001  -1.546325e+002  -1.776415e+002  -1.817284e+002  -1.828605e+002  
6.382835e+001  6.120795e+001  5.386469e+001  4.305326e+001  -4.199321e+000  -4.483601e+001  -5.459857e+001  -5.641308e+001  -5.692408e+001  
0.000000e+000  0.000000e+000  0.000000e+000  0.000000e+000  0.000000e+000  0.000000e+000  0.000000e+000  0.000000e+000  0.000000e+000  

0.000000e+000  0.000000e+000  0.000000e+000  0.000000e+000  0.000000e+000  0.000000e+000  0.000000e+000  0.000000e+000  0.000000e+000  
0.000000e+000  0.000000e+000  0.000000e+000  0.000000e+000  0.000000e+000  0.000000e+000  0.000000e+000  0.000000e+000  0.000000e+000  
0.000000e+000  0.000000e+000  0.000000e+000  0.000000e+000  0.000000e+000  0.000000e+000  0.000000e+000  0.000000e+000  0.000000e+000  
0.000000e+000  0.000000e+000  0.000000e+000  0.000000e+000  0.000000e+000  0.000000e+000  0.000000e+000  0.000000e+000  0.000000e+000  
0.000000e+000  0.000000e+000  0.000000e+000  0.000000e+000  0.000000e+000  0.000000e+000  0.000000e+000  0.000000e+000  0.000000e+000  
0.000000e+000  0.000000e+000  0.000000e+000  0.000000e+000  0.000000e+000  0.000000e+000  0.000000e+000  0.000000e+000  0.000000e+000  
0.000000e+000  0.000000e+000  0.000000e+000  0.000000e+000  0.000000e+000  0.000000e+000  0.000000e+000  0.000000e+000  0.000000e+000  
0.000000e+000  0.000000e+000  0.000000e+000  0.000000e+000  0.000000e+000  0.000000e+000  0.000000e+000  0.000000e+000  0.000000e+000  
0.000000e+000  0.000000e+000  0.000000e+000  0.000000e+000  0.000000e+000  0.000000e+000  0.000000e+000  0.000000e+000  0.000000e+000  
0.000000e+000  0.000000e+000  0.000000e+000  0.000000e+000  0.000000e+000  0.000000e+000  0.000000e+000  0.000000e+000  0.000000e+000  

0.000000e+000  0.000000e+000  0.000000e+000  0.000000e+000  0.000000e+000  0.000000e+000  0.000000e+000  0.000000e+000  0.000000e+000  
0.000000e+000  0.000000e+000  0.000000e+000  0.000000e+000  0.000000e+000  0.000000e+000  0.000000e+000  0.000000e+000  0.000000e+000  
0.000000e+000  0.000000e+000  0.000000e+000  0.000000e+000  0.000000e+000  0.000000e+000  0.000000e+000  0.000000e+000  0.000000e+000  
0.000000e+000  0.000000e+000  0.000000e+000  0.000000e+000  0.000000e+000  0.000000e+000  0.000000e+000  0.000000e+000  0.000000e+000  
0.000000e+000  0.000000e+000  0.000000e+000  0.000000e+000  0.000000e+000  0.000000e+000  0.000000e+000  0.000000e+000  0.000000e+000  
0.000000e+000  0.000000e+000  0.000000e+000  0.000000e+000  0.000000e+000  0.000000e+000  0.000000e+000  0.000000e+000  0.000000e+000  
0.000000e+000  0.000000e+000  0.000000e+000  0.000000e+000  0.000000e+000  0.000000e+000  0.000000e+000  0.000000e+000  0.000000e+000  
0.000000e+000  0.000000e+000  0.000000e+000  0.000000e+000  0.000000e+000  0.000000e+000  0.000000e+000  0.000000e+000  0.000000e+000  
0.000000e+000  0.000000e+000  0.000000e+000  0.000000e+000  0.000000e+000  0.000000e+000  0.000000e+000  0.000000e+000  0.000000e+000  
0.000000e+000  0.000000e+000  0.000000e+000  0.000000e+000  0.000000e+000  0.000000e+000  0.000000e+000  0.000000e+000  0.000000e+000  

0.000000e+000  0.000000e+000  0.000000e+000  0.000000e+000  0.000000e+000  0.000000e+000  0.000000e+000  0.000000e+000  0.000000e+000  
0.000000e+000  0.000000e+000  0.000000e+000  0.000000e+000  0.000000e+000  0.000000e+000  0.000000e+000  0.000000e+000  0.000000e+000  
0.000000e+000  0.000000e+000  0.000000e+000  0.000000e+000  0.000000e+000  0.000000e+000  0.000000e+000  0.000000e+000  0.000000e+000  
0.000000e+000  0.000000e+000  0.000000e+000  0.000000e+000  0.000000e+000  0.000000e+000  0.000000e+000  0.000000e+000  0.000000e+000  
0.000000e+000  0.000000e+000  0.000000e+000  0.000000e+000  0.000000e+000  0.000000e+000  0.000000e+000  0.000000e+000  0.000000e+000  
0.000000e+000  0.000000e+000  0.000000e+000  0.000000e+000  0.000000e+000  0.000000e+000  0.000000e+000  0.000000e+000  0.000000e+000  
0.000000e+000  0.000000e+000  0.000000e+000  0.000000e+000  0.000000e+000  0.000000e+000  0.000000e+000  0.000000e+000  0.000000e+000  
0.000000e+000  0.000000e+000  0.000000e+000  0.000000e+000  0.000000e+000  0.000000e+000  0.000000e+000  0.000000e+000  0.000000e+000  
0.000000e+000  0.000000e+000  0.000000e+000  0.000000e+000  0.000000e+000  0.000000e+000  0.000000e+000  0.000000e+000  0.000000e+000  
0.000000e+000  0.000000e+000  0.000000e+000  0.000000e+000  0.000000e+000  0.000000e+000  0.000000e+000  0.000000e+000  0.000000e+000  

0.000000e+000  0.000000e+000  0.000000e+000  0.000000e+000  0.000000e+000  0.000000e+000  0.000000e+000  0.000000e+000  0.000000e+000  
-1.764343e+001  -2.389457e+001  -2.862465e+001  -3.028078e+001  -2.364890e+001  -1.653981e+001  -1.477076e+001  -1.443956e+001  -1.434604e+001  
-2.706233e+001  -4.877774e+001  -5.925626e+001  -6.173229e+001  -4.720756e+001  -3.289525e+001  -2.937420e+001  -2.871624e+001  -2.853058e+001  
0.000000e+000  -8.102317e+001  -9.511967e+001  -9.538657e+001  -7.051965e+001  -4.887634e+001  -4.364414e+001  -4.266927e+001  -4.239444e+001  
-5.532060e+001  -7.242773e+001  -8.194187e+001  -8.451691e+001  -6.890739e+001  -5.109343e+001  -4.649544e+001  -4.562760e+001  -4.538187e+001  
-6.660601e+001  -7.116967e+001  -7.548417e+001  -7.717973e+001  -6.715106e+001  -5.273248e+001  -4.878604e+001  -4.803259e+001  -4.781841e+001  
-6.921386e+001  -7.021617e+001  -7.160409e+001  -7.215223e+001  -6.549940e+001  -5.394124e+001  -5.060849e+001  -4.996579e+001  -4.978246e+001  
-6.516509e+001  -6.515723e+001  -6.504896e+001  -6.471359e+001  -6.161931e+001  -5.569984e+001  -5.385971e+001  -5.349940e+001  -5.339607e+001  
-6.081083e+001  -6.076204e+001  -6.061289e+001  -6.035927e+001  -5.887334e+001  -5.614853e+001  -5.527766e+001  -5.510612e+001  -5.505682e+001  
-5.938393e+001  -5.934514e+001  -5.922970e+001  -5.904069e+001  -5.799733e+001  -5.613890e+001  -5.554224e+001  -5.542458e+001  -5.539075e+001  

